<?xml version="1.0" encoding="UTF-8"?>
<testng-results ignored="0" total="1" passed="1" failed="0" skipped="0">
  <reporter-output>
  </reporter-output>
  <suite started-at="2020-07-16T15:05:45Z" name="Suite" finished-at="2020-07-16T15:05:52Z" duration-ms="6809">
    <groups>
    </groups>
    <test started-at="2020-07-16T15:05:45Z" name="Test" finished-at="2020-07-16T15:05:52Z" duration-ms="6809">
      <class name="MavenTest">
        <test-method signature="unitTest()[pri:0, instance:MavenTest@1039bfc4]" started-at="2020-07-16T20:35:45Z" name="unitTest" finished-at="2020-07-16T20:35:52Z" duration-ms="6743" status="PASS">
          <reporter-output>
          </reporter-output>
        </test-method> <!-- unitTest -->
      </class> <!-- MavenTest -->
    </test> <!-- Test -->
  </suite> <!-- Suite -->
</testng-results>
