<?xml version="1.0" encoding="UTF-8"?>
<testng-results ignored="0" total="1" passed="1" failed="0" skipped="0">
  <reporter-output>
  </reporter-output>
  <suite started-at="2020-07-05T17:52:29 IST" name="Default suite" finished-at="2020-07-05T17:52:38 IST" duration-ms="8818">
    <groups>
    </groups>
    <test started-at="2020-07-05T17:52:29 IST" name="Default test" finished-at="2020-07-05T17:52:38 IST" duration-ms="8818">
      <class name="MavenTest">
        <test-method signature="unitTest()[pri:0, instance:MavenTest@343570b7]" started-at="2020-07-05T17:52:29 IST" name="unitTest" finished-at="2020-07-05T17:52:38 IST" duration-ms="8753" status="PASS">
          <reporter-output>
          </reporter-output>
        </test-method> <!-- unitTest -->
      </class> <!-- MavenTest -->
    </test> <!-- Default test -->
  </suite> <!-- Default suite -->
</testng-results>
